<?xml version="1.0" encoding="UTF-8"?>
<testsuite xmlns:xsi="http://www.w3.org/2001/XMLSchema-instance" xsi:noNamespaceSchemaLocation="https://maven.apache.org/surefire/maven-surefire-plugin/xsd/surefire-test-report.xsd" name="org.cnolem.junit5app.models.CuentaTest" time="6.376" tests="72" errors="0" skipped="10" failures="12">
  <properties>
[...]
</properties>
  <testcase name="testDineroInsuficienteExceptionCuenta" classname="org.cnolem.junit5app.models.CuentaTest" time="0.026"/>
  <testcase name="testSaldoCuentaDev" classname="org.cnolem.junit5app.models.CuentaTest" time="0">
    <skipped message="Assumption failed: assumption is not true" type="org.opentest4j.TestAbortedException">org.opentest4j.TestAbortedException: Assumption failed: assumption is not true
	at org.cnolem.junit5app.models.CuentaTest.testSaldoCuentaDev(CuentaTest.java:294)
</skipped>
    <system-out><![CDATA[Iniciando el metodo
Finalizando el metodo de prueba
]]></system-out>
  </testcase>
  <testcase name="testDebitoCuentaParametrizadoMethodSource{String}[1]" classname="org.cnolem.junit5app.models.CuentaTest" time="0.013"/>
  <testcase name="testDebitoCuentaParametrizadoMethodSource{String}[2]" classname="org.cnolem.junit5app.models.CuentaTest" time="0.001"/>
  <testcase name="testDebitoCuentaParametrizadoMethodSource{String}[3]" classname="org.cnolem.junit5app.models.CuentaTest" time="0.003"/>
  <testcase name="testDebitoCuentaParametrizadoMethodSource{String}[4]" classname="org.cnolem.junit5app.models.CuentaTest" time="0.001"/>
  <testcase name="testDebitoCuentaParametrizadoMethodSource{String}[5]" classname="org.cnolem.junit5app.models.CuentaTest" time="0.002"/>
  <testcase name="testDebitoCuentaParametrizadoMethodSource{String}[6]" classname="org.cnolem.junit5app.models.CuentaTest" time="0.001">
    <failure message="expected: &lt;true&gt; but was: &lt;false&gt;" type="org.opentest4j.AssertionFailedError"><![CDATA[org.opentest4j.AssertionFailedError: expected: <true> but was: <false>
	at org.cnolem.junit5app.models.CuentaTest.testDebitoCuentaParametrizadoMethodSource(CuentaTest.java:386)
]]></failure>
    <system-out><![CDATA[Iniciando el metodo
Finalizando el metodo de prueba
]]></system-out>
  </testcase>
  <testcase name="testSaldoCuentaDev2" classname="org.cnolem.junit5app.models.CuentaTest" time="0.001"/>
  <testcase name="testRelacionBancoCuentas" classname="org.cnolem.junit5app.models.CuentaTest" time="0">
    <skipped message="void org.cnolem.junit5app.models.CuentaTest.testRelacionBancoCuentas() is @Disabled"/>
  </testcase>
  <testcase name="testDebitoCuentaRepetir{RepetitionInfo}[1]" classname="org.cnolem.junit5app.models.CuentaTest" time="0.004"/>
  <testcase name="testDebitoCuentaRepetir{RepetitionInfo}[2]" classname="org.cnolem.junit5app.models.CuentaTest" time="0.001"/>
  <testcase name="testDebitoCuentaRepetir{RepetitionInfo}[3]" classname="org.cnolem.junit5app.models.CuentaTest" time="0.003"/>
  <testcase name="testDebitoCuentaRepetir{RepetitionInfo}[4]" classname="org.cnolem.junit5app.models.CuentaTest" time="0.002"/>
  <testcase name="testDebitoCuentaRepetir{RepetitionInfo}[5]" classname="org.cnolem.junit5app.models.CuentaTest" time="0.001"/>
  <testcase name="testTimeout" classname="org.cnolem.junit5app.models.CuentaTest$EjemploTimeoutTest" time="1.006"/>
  <testcase name="testTimeout2" classname="org.cnolem.junit5app.models.CuentaTest$EjemploTimeoutTest" time="0.915"/>
  <testcase name="testTimeoutAssertions" classname="org.cnolem.junit5app.models.CuentaTest$EjemploTimeoutTest" time="4.014"/>
  <testcase name="testDebitoCuentaParametrizadoCsvFileSource2{String, String, String, String}[1]" classname="org.cnolem.junit5app.models.CuentaTest$PruebasParametrizadasTest" time="0.003">
    <failure message="expected: &lt;Jhon&gt; but was: &lt;Andres&gt;" type="org.opentest4j.AssertionFailedError"><![CDATA[org.opentest4j.AssertionFailedError: expected: <Jhon> but was: <Andres>
	at org.cnolem.junit5app.models.CuentaTest$PruebasParametrizadasTest.testDebitoCuentaParametrizadoCsvFileSource2(CuentaTest.java:375)
]]></failure>
    <system-out><![CDATA[Iniciando el metodo
Finalizando el metodo de prueba
]]></system-out>
  </testcase>
  <testcase name="testDebitoCuentaParametrizadoCsvFileSource2{String, String, String, String}[2]" classname="org.cnolem.junit5app.models.CuentaTest$PruebasParametrizadasTest" time="0.004"/>
  <testcase name="testDebitoCuentaParametrizadoCsvFileSource2{String, String, String, String}[3]" classname="org.cnolem.junit5app.models.CuentaTest$PruebasParametrizadasTest" time="0.002">
    <failure message="expected: &lt;Maria&gt; but was: &lt;maria&gt;" type="org.opentest4j.AssertionFailedError"><![CDATA[org.opentest4j.AssertionFailedError: expected: <Maria> but was: <maria>
	at org.cnolem.junit5app.models.CuentaTest$PruebasParametrizadasTest.testDebitoCuentaParametrizadoCsvFileSource2(CuentaTest.java:375)
]]></failure>
    <system-out><![CDATA[Iniciando el metodo
Finalizando el metodo de prueba
]]></system-out>
  </testcase>
  <testcase name="testDebitoCuentaParametrizadoCsvFileSource2{String, String, String, String}[4]" classname="org.cnolem.junit5app.models.CuentaTest$PruebasParametrizadasTest" time="0.002"/>
  <testcase name="testDebitoCuentaParametrizadoCsvFileSource2{String, String, String, String}[5]" classname="org.cnolem.junit5app.models.CuentaTest$PruebasParametrizadasTest" time="0.002">
    <failure message="expected: &lt;Lucas&gt; but was: &lt;Luca&gt;" type="org.opentest4j.AssertionFailedError"><![CDATA[org.opentest4j.AssertionFailedError: expected: <Lucas> but was: <Luca>
	at org.cnolem.junit5app.models.CuentaTest$PruebasParametrizadasTest.testDebitoCuentaParametrizadoCsvFileSource2(CuentaTest.java:375)
]]></failure>
    <system-out><![CDATA[Iniciando el metodo
Finalizando el metodo de prueba
]]></system-out>
  </testcase>
  <testcase name="testDebitoCuentaParametrizadoCsvFileSource2{String, String, String, String}[6]" classname="org.cnolem.junit5app.models.CuentaTest$PruebasParametrizadasTest" time="0.001">
    <failure message="expected: &lt;true&gt; but was: &lt;false&gt;" type="org.opentest4j.AssertionFailedError"><![CDATA[org.opentest4j.AssertionFailedError: expected: <true> but was: <false>
	at org.cnolem.junit5app.models.CuentaTest$PruebasParametrizadasTest.testDebitoCuentaParametrizadoCsvFileSource2(CuentaTest.java:376)
]]></failure>
    <system-out><![CDATA[Iniciando el metodo
Finalizando el metodo de prueba
]]></system-out>
  </testcase>
  <testcase name="testDebitoCuentaParametrizadoCsvSource{String, String}[1]" classname="org.cnolem.junit5app.models.CuentaTest$PruebasParametrizadasTest" time="0.006"/>
  <testcase name="testDebitoCuentaParametrizadoCsvSource{String, String}[2]" classname="org.cnolem.junit5app.models.CuentaTest$PruebasParametrizadasTest" time="0.002"/>
  <testcase name="testDebitoCuentaParametrizadoCsvSource{String, String}[3]" classname="org.cnolem.junit5app.models.CuentaTest$PruebasParametrizadasTest" time="0.001"/>
  <testcase name="testDebitoCuentaParametrizadoCsvSource{String, String}[4]" classname="org.cnolem.junit5app.models.CuentaTest$PruebasParametrizadasTest" time="0.003"/>
  <testcase name="testDebitoCuentaParametrizadoCsvSource{String, String}[5]" classname="org.cnolem.junit5app.models.CuentaTest$PruebasParametrizadasTest" time="0.003"/>
  <testcase name="testDebitoCuentaParametrizadoCsvSource{String, String}[6]" classname="org.cnolem.junit5app.models.CuentaTest$PruebasParametrizadasTest" time="0.003">
    <failure message="expected: &lt;true&gt; but was: &lt;false&gt;" type="org.opentest4j.AssertionFailedError"><![CDATA[org.opentest4j.AssertionFailedError: expected: <true> but was: <false>
	at org.cnolem.junit5app.models.CuentaTest$PruebasParametrizadasTest.testDebitoCuentaParametrizadoCsvSource(CuentaTest.java:343)
]]></failure>
    <system-out><![CDATA[Iniciando el metodo
6 -> 1000.12345
Finalizando el metodo de prueba
]]></system-out>
  </testcase>
  <testcase name="testDebitoCuentaParametrizadoValueSource{String}[1]" classname="org.cnolem.junit5app.models.CuentaTest$PruebasParametrizadasTest" time="0.002"/>
  <testcase name="testDebitoCuentaParametrizadoValueSource{String}[2]" classname="org.cnolem.junit5app.models.CuentaTest$PruebasParametrizadasTest" time="0.001"/>
  <testcase name="testDebitoCuentaParametrizadoValueSource{String}[3]" classname="org.cnolem.junit5app.models.CuentaTest$PruebasParametrizadasTest" time="0.001"/>
  <testcase name="testDebitoCuentaParametrizadoValueSource{String}[4]" classname="org.cnolem.junit5app.models.CuentaTest$PruebasParametrizadasTest" time="0.001"/>
  <testcase name="testDebitoCuentaParametrizadoValueSource{String}[5]" classname="org.cnolem.junit5app.models.CuentaTest$PruebasParametrizadasTest" time="0.002"/>
  <testcase name="testDebitoCuentaParametrizadoValueSource{String}[6]" classname="org.cnolem.junit5app.models.CuentaTest$PruebasParametrizadasTest" time="0.002">
    <failure message="expected: &lt;true&gt; but was: &lt;false&gt;" type="org.opentest4j.AssertionFailedError"><![CDATA[org.opentest4j.AssertionFailedError: expected: <true> but was: <false>
	at org.cnolem.junit5app.models.CuentaTest$PruebasParametrizadasTest.testDebitoCuentaParametrizadoValueSource(CuentaTest.java:334)
]]></failure>
    <system-out><![CDATA[Iniciando el metodo
Finalizando el metodo de prueba
]]></system-out>
  </testcase>
  <testcase name="testDebitoCuentaParametrizadoCsvSource2{String, String, String, String}[1]" classname="org.cnolem.junit5app.models.CuentaTest$PruebasParametrizadasTest" time="0.004">
    <failure message="expected: &lt;Jhon&gt; but was: &lt;Andres&gt;" type="org.opentest4j.AssertionFailedError"><![CDATA[org.opentest4j.AssertionFailedError: expected: <Jhon> but was: <Andres>
	at org.cnolem.junit5app.models.CuentaTest$PruebasParametrizadasTest.testDebitoCuentaParametrizadoCsvSource2(CuentaTest.java:355)
]]></failure>
    <system-out><![CDATA[Iniciando el metodo
200 -> 100
Finalizando el metodo de prueba
]]></system-out>
  </testcase>
  <testcase name="testDebitoCuentaParametrizadoCsvSource2{String, String, String, String}[2]" classname="org.cnolem.junit5app.models.CuentaTest$PruebasParametrizadasTest" time="0.002"/>
  <testcase name="testDebitoCuentaParametrizadoCsvSource2{String, String, String, String}[3]" classname="org.cnolem.junit5app.models.CuentaTest$PruebasParametrizadasTest" time="0.002">
    <failure message="expected: &lt;Maria&gt; but was: &lt;maria&gt;" type="org.opentest4j.AssertionFailedError"><![CDATA[org.opentest4j.AssertionFailedError: expected: <Maria> but was: <maria>
	at org.cnolem.junit5app.models.CuentaTest$PruebasParametrizadasTest.testDebitoCuentaParametrizadoCsvSource2(CuentaTest.java:355)
]]></failure>
    <system-out><![CDATA[Iniciando el metodo
300 -> 300
Finalizando el metodo de prueba
]]></system-out>
  </testcase>
  <testcase name="testDebitoCuentaParametrizadoCsvSource2{String, String, String, String}[4]" classname="org.cnolem.junit5app.models.CuentaTest$PruebasParametrizadasTest" time="0.002"/>
  <testcase name="testDebitoCuentaParametrizadoCsvSource2{String, String, String, String}[5]" classname="org.cnolem.junit5app.models.CuentaTest$PruebasParametrizadasTest" time="0.001">
    <failure message="expected: &lt;Lucas&gt; but was: &lt;Luca&gt;" type="org.opentest4j.AssertionFailedError"><![CDATA[org.opentest4j.AssertionFailedError: expected: <Lucas> but was: <Luca>
	at org.cnolem.junit5app.models.CuentaTest$PruebasParametrizadasTest.testDebitoCuentaParametrizadoCsvSource2(CuentaTest.java:355)
]]></failure>
    <system-out><![CDATA[Iniciando el metodo
750 -> 700
Finalizando el metodo de prueba
]]></system-out>
  </testcase>
  <testcase name="testDebitoCuentaParametrizadoCsvSource2{String, String, String, String}[6]" classname="org.cnolem.junit5app.models.CuentaTest$PruebasParametrizadasTest" time="0.003">
    <failure message="expected: &lt;true&gt; but was: &lt;false&gt;" type="org.opentest4j.AssertionFailedError"><![CDATA[org.opentest4j.AssertionFailedError: expected: <true> but was: <false>
	at org.cnolem.junit5app.models.CuentaTest$PruebasParametrizadasTest.testDebitoCuentaParametrizadoCsvSource2(CuentaTest.java:356)
]]></failure>
    <system-out><![CDATA[Iniciando el metodo
1000.12345 -> 1000.12345
Finalizando el metodo de prueba
]]></system-out>
  </testcase>
  <testcase name="testDebitoCuentaParametrizadoCsvFileSource{String}[1]" classname="org.cnolem.junit5app.models.CuentaTest$PruebasParametrizadasTest" time="0.001"/>
  <testcase name="testDebitoCuentaParametrizadoCsvFileSource{String}[2]" classname="org.cnolem.junit5app.models.CuentaTest$PruebasParametrizadasTest" time="0.002"/>
  <testcase name="testDebitoCuentaParametrizadoCsvFileSource{String}[3]" classname="org.cnolem.junit5app.models.CuentaTest$PruebasParametrizadasTest" time="0.002"/>
  <testcase name="testDebitoCuentaParametrizadoCsvFileSource{String}[4]" classname="org.cnolem.junit5app.models.CuentaTest$PruebasParametrizadasTest" time="0.003"/>
  <testcase name="testDebitoCuentaParametrizadoCsvFileSource{String}[5]" classname="org.cnolem.junit5app.models.CuentaTest$PruebasParametrizadasTest" time="0.002"/>
  <testcase name="testDebitoCuentaParametrizadoCsvFileSource{String}[6]" classname="org.cnolem.junit5app.models.CuentaTest$PruebasParametrizadasTest" time="0.001"/>
  <testcase name="testDebitoCuentaParametrizadoCsvFileSource{String}[7]" classname="org.cnolem.junit5app.models.CuentaTest$PruebasParametrizadasTest" time="0.001">
    <failure message="expected: &lt;true&gt; but was: &lt;false&gt;" type="org.opentest4j.AssertionFailedError"><![CDATA[org.opentest4j.AssertionFailedError: expected: <true> but was: <false>
	at org.cnolem.junit5app.models.CuentaTest$PruebasParametrizadasTest.testDebitoCuentaParametrizadoCsvFileSource(CuentaTest.java:364)
]]></failure>
    <system-out><![CDATA[Iniciando el metodo
Finalizando el metodo de prueba
]]></system-out>
  </testcase>
  <testcase name="testProcesadores" classname="org.cnolem.junit5app.models.CuentaTest$VariableAmbienteTest" time="0.002"/>
  <testcase name="testEnvVariable" classname="org.cnolem.junit5app.models.CuentaTest$VariableAmbienteTest" time="0">
    <skipped message="Environment variable [ENVIRONMENT] does not exist"/>
  </testcase>
  <testcase name="testEnvProdDisabled" classname="org.cnolem.junit5app.models.CuentaTest$VariableAmbienteTest" time="0.001"/>
  <testcase name="testJavaHome" classname="org.cnolem.junit5app.models.CuentaTest$VariableAmbienteTest" time="0.001"/>
  <testcase name="imprimirVariablesAmbiente" classname="org.cnolem.junit5app.models.CuentaTest$VariableAmbienteTest" time="0.109"/>
  <testcase name="testDev" classname="org.cnolem.junit5app.models.CuentaTest$SistemPropertiesTest" time="0">
    <skipped message="System property [ENV] does not exist"/>
  </testcase>
  <testcase name="testNo64" classname="org.cnolem.junit5app.models.CuentaTest$SistemPropertiesTest" time="0">
    <skipped message="System property [os.arch] with value [amd64] does not match regular expression [.32*.*]"/>
  </testcase>
  <testcase name="testUsername" classname="org.cnolem.junit5app.models.CuentaTest$SistemPropertiesTest" time="0.002"/>
  <testcase name="testJavaVersion" classname="org.cnolem.junit5app.models.CuentaTest$SistemPropertiesTest" time="0">
    <skipped message="System property [java.version] with value [15.0.1] does not match regular expression [14.0.1]"/>
  </testcase>
  <testcase name="imprimirSystemProperties" classname="org.cnolem.junit5app.models.CuentaTest$SistemPropertiesTest" time="0.107"/>
  <testcase name="testSolo64" classname="org.cnolem.junit5app.models.CuentaTest$SistemPropertiesTest" time="0.001"/>
  <testcase name="soloJdk15" classname="org.cnolem.junit5app.models.CuentaTest$JavaVersionTest" time="0.001"/>
  <testcase name="soloJdk8" classname="org.cnolem.junit5app.models.CuentaTest$JavaVersionTest" time="0">
    <skipped message="Disabled on JRE version: 15.0.1"/>
  </testcase>
  <testcase name="noJdk15" classname="org.cnolem.junit5app.models.CuentaTest$JavaVersionTest" time="0">
    <skipped message="Disabled on JRE version: 15.0.1"/>
  </testcase>
  <testcase name="testNoWindows" classname="org.cnolem.junit5app.models.CuentaTest$SistemaOperativoTest" time="0">
    <skipped message="Disabled on operating system: Windows 10"/>
  </testcase>
  <testcase name="testSoloLinuxMac" classname="org.cnolem.junit5app.models.CuentaTest$SistemaOperativoTest" time="0">
    <skipped message="Disabled on operating system: Windows 10"/>
  </testcase>
  <testcase name="testSoloWindows" classname="org.cnolem.junit5app.models.CuentaTest$SistemaOperativoTest" time="0"/>
  <testcase name="testCreditoCuenta" classname="org.cnolem.junit5app.models.CuentaTest$CuentaOperacionesTest" time="0.001"/>
  <testcase name="testDebitoCuenta" classname="org.cnolem.junit5app.models.CuentaTest$CuentaOperacionesTest" time="0.001"/>
  <testcase name="testTransferirDineroCuentas" classname="org.cnolem.junit5app.models.CuentaTest$CuentaOperacionesTest" time="0.001"/>
  <testcase name="testSaldoCuenta" classname="org.cnolem.junit5app.models.CuentaTest$CuentaNombreSaldoTest" time="0.001"/>
  <testcase name="testReferenciaCuenta" classname="org.cnolem.junit5app.models.CuentaTest$CuentaNombreSaldoTest" time="0.001"/>
  <testcase name="testNombreCuenta" classname="org.cnolem.junit5app.models.CuentaTest$CuentaNombreSaldoTest" time="0.001"/>
</testsuite>