<?xml version="1.0" encoding="UTF-8"?>
<testsuite xmlns:xsi="http://www.w3.org/2001/XMLSchema-instance" xsi:noNamespaceSchemaLocation="https://maven.apache.org/surefire/maven-surefire-plugin/xsd/surefire-test-report.xsd" name="org.cnolem.junit5app.models.CuentaTest" time="6.376" tests="72" errors="0" skipped="10" failures="12">
  <properties>
    <property name="java.specification.version" value="15"/>
    <property name="sun.cpu.isalist" value="amd64"/>
    <property name="sun.jnu.encoding" value="Cp1252"/>
    <property name="java.class.path" value="C:\IntelliJ_2022.1.4\udemy\testing\junit5_app\target\test-classes;C:\IntelliJ_2022.1.4\udemy\testing\junit5_app\target\classes;C:\Users\CARLOS\.m2\repository\org\junit\jupiter\junit-jupiter\5.6.3\junit-jupiter-5.6.3.jar;C:\Users\CARLOS\.m2\repository\org\junit\jupiter\junit-jupiter-api\5.6.3\junit-jupiter-api-5.6.3.jar;C:\Users\CARLOS\.m2\repository\org\apiguardian\apiguardian-api\1.1.0\apiguardian-api-1.1.0.jar;C:\Users\CARLOS\.m2\repository\org\opentest4j\opentest4j\1.2.0\opentest4j-1.2.0.jar;C:\Users\CARLOS\.m2\repository\org\junit\platform\junit-platform-commons\1.6.3\junit-platform-commons-1.6.3.jar;C:\Users\CARLOS\.m2\repository\org\junit\jupiter\junit-jupiter-params\5.6.3\junit-jupiter-params-5.6.3.jar;C:\Users\CARLOS\.m2\repository\org\junit\jupiter\junit-jupiter-engine\5.6.3\junit-jupiter-engine-5.6.3.jar;C:\Users\CARLOS\.m2\repository\org\junit\platform\junit-platform-engine\1.6.3\junit-platform-engine-1.6.3.jar;"/>
    <property name="java.vm.vendor" value="Oracle Corporation"/>
    <property name="sun.arch.data.model" value="64"/>
    <property name="user.variant" value=""/>
    <property name="java.vendor.url" value="https://java.oracle.com/"/>
    <property name="user.timezone" value="America/Bogota"/>
    <property name="os.name" value="Windows 10"/>
    <property name="java.vm.specification.version" value="15"/>
    <property name="sun.java.launcher" value="SUN_STANDARD"/>
    <property name="user.country" value="US"/>
    <property name="sun.boot.library.path" value="C:\JDK\jdk-15.0.1\bin"/>
    <property name="sun.java.command" value="C:\Users\CARLOS\AppData\Local\Temp\surefire9257972369921519360\surefirebooter339101682024468505.jar C:\Users\CARLOS\AppData\Local\Temp\surefire9257972369921519360 2023-09-26T01-18-04_573-jvmRun1 surefire6661975400219344332tmp surefire_015911455489162647862tmp"/>
    <property name="jdk.debug" value="release"/>
    <property name="surefire.test.class.path" value="C:\IntelliJ_2022.1.4\udemy\testing\junit5_app\target\test-classes;C:\IntelliJ_2022.1.4\udemy\testing\junit5_app\target\classes;C:\Users\CARLOS\.m2\repository\org\junit\jupiter\junit-jupiter\5.6.3\junit-jupiter-5.6.3.jar;C:\Users\CARLOS\.m2\repository\org\junit\jupiter\junit-jupiter-api\5.6.3\junit-jupiter-api-5.6.3.jar;C:\Users\CARLOS\.m2\repository\org\apiguardian\apiguardian-api\1.1.0\apiguardian-api-1.1.0.jar;C:\Users\CARLOS\.m2\repository\org\opentest4j\opentest4j\1.2.0\opentest4j-1.2.0.jar;C:\Users\CARLOS\.m2\repository\org\junit\platform\junit-platform-commons\1.6.3\junit-platform-commons-1.6.3.jar;C:\Users\CARLOS\.m2\repository\org\junit\jupiter\junit-jupiter-params\5.6.3\junit-jupiter-params-5.6.3.jar;C:\Users\CARLOS\.m2\repository\org\junit\jupiter\junit-jupiter-engine\5.6.3\junit-jupiter-engine-5.6.3.jar;C:\Users\CARLOS\.m2\repository\org\junit\platform\junit-platform-engine\1.6.3\junit-platform-engine-1.6.3.jar;"/>
    <property name="sun.cpu.endian" value="little"/>
    <property name="user.home" value="C:\Users\CARLOS"/>
    <property name="user.language" value="en"/>
    <property name="java.specification.vendor" value="Oracle Corporation"/>
    <property name="java.version.date" value="2020-10-20"/>
    <property name="java.home" value="C:\JDK\jdk-15.0.1"/>
    <property name="file.separator" value="\"/>
    <property name="basedir" value="C:\IntelliJ_2022.1.4\udemy\testing\junit5_app"/>
    <property name="java.vm.compressedOopsMode" value="Zero based"/>
    <property name="line.separator" value="&#10;"/>
    <property name="java.vm.specification.vendor" value="Oracle Corporation"/>
    <property name="java.specification.name" value="Java Platform API Specification"/>
    <property name="surefire.real.class.path" value="C:\Users\CARLOS\AppData\Local\Temp\surefire9257972369921519360\surefirebooter339101682024468505.jar"/>
    <property name="user.script" value=""/>
    <property name="sun.management.compiler" value="HotSpot 64-Bit Tiered Compilers"/>
    <property name="java.runtime.version" value="15.0.1+9-18"/>
    <property name="user.name" value="CARLOS"/>
    <property name="path.separator" value=";"/>
    <property name="os.version" value="10.0"/>
    <property name="java.runtime.name" value="OpenJDK Runtime Environment"/>
    <property name="file.encoding" value="Cp1252"/>
    <property name="java.vm.name" value="OpenJDK 64-Bit Server VM"/>
    <property name="localRepository" value="C:\Users\CARLOS\.m2\repository"/>
    <property name="java.vendor.url.bug" value="https://bugreport.java.com/bugreport/"/>
    <property name="java.io.tmpdir" value="C:\Users\CARLOS\AppData\Local\Temp\"/>
    <property name="java.version" value="15.0.1"/>
    <property name="user.dir" value="C:\IntelliJ_2022.1.4\udemy\testing\junit5_app"/>
    <property name="os.arch" value="amd64"/>
    <property name="java.vm.specification.name" value="Java Virtual Machine Specification"/>
    <property name="sun.os.patch.level" value=""/>
    <property name="java.library.path" value="C:\JDK\jdk-15.0.1\bin;C:\WINDOWS\Sun\Java\bin;C:\WINDOWS\system32;C:\WINDOWS;C:\Users\CARLOS\AppData\Local\Programs\Python\Python38\Scripts\;C:\Users\CARLOS\AppData\Local\Programs\Python\Python38\;C:\JDK\jdk-15.0.1\bin;C:\JDK\graalvm-ce-java11-21.1.0\bin;C:\Program Files\Git\cmd;C:\Program Files (x86)\Common Files\Oracle\Java\javapath;C:\Windows\system32;C:\Windows;C:\Windows\System32\Wbem;C:\Windows\System32\WindowsPowerShell\v1.0\;C:\Windows\System32\OpenSSH\;C:\Program Files\Docker\Docker\resources\bin;C:\ProgramData\DockerDesktop\version-bin;C:\Program Files\nodejs\;C:\JDK\jdk-11\bin;C:\Program Files\PuTTY\;C:\Users\CARLOS\AppData\Local\Microsoft\WindowsApps;C:\Program Files\JetBrains\IntelliJ IDEA Community Edition 2022.1.4\bin;C:\Users\CARLOS\AppData\Roaming\npm;C:\Users\CARLOS\AppData\Local\Programs\Microsoft VS Code\bin;C:\Program Files\Microsoft Windows Performance Toolkit\;C:\apache-maven-3.6.3\bin;C:\Program Files (x86)\Windows Kits\10\Windows Performance Toolkit\;C:\WINDOWS\system32;C:\WINDOWS;C:\WINDOWS\System32\Wbem;C:\WINDOWS\System32\WindowsPowerShell\v1.0\;C:\WINDOWS\System32\OpenSSH\;C:\Program Files (x86)\HP\HP OCR\DB_Lib\;C:\Program Files\HP\Common\HPDestPlgIn\;C:\Program Files (x86)\HP\Common\HPDestPlgIn\;C:\Users\CARLOS\AppData\Local\Programs\Python\Python38\Scripts\;C:\Users\CARLOS\AppData\Local\Programs\Python\Python38\;C:\Users\CARLOS\anaconda3;C:\Users\CARLOS\anaconda3\Library\mingw-w64\bin;C:\Users\CARLOS\anaconda3\Library\usr\bin;C:\Users\CARLOS\anaconda3\Library\bin;C:\Users\CARLOS\anaconda3\Scripts;C:\Users\CARLOS\AppData\Local\Microsoft\WindowsApps;C:\Program Files\JetBrains\IntelliJ IDEA Community Edition 2022.1.4\bin;;C:\Users\CARLOS\AppData\Roaming\npm;C:\Users\CARLOS\AppData\Local\Programs\Microsoft VS Code\bin;C:\Program Files\JetBrains\PyCharm Community Edition 2022.3.2\bin;;C:\Program Files\HP\Common\HPDestPlgIn\;C:\Program Files (x86)\HP\Common\HPDestPlgIn\;C:\JDK\jdk-15.0.1\bin;C:\apache-maven-3.6.3\bin;;."/>
    <property name="java.vm.info" value="mixed mode, sharing"/>
    <property name="java.vendor" value="Oracle Corporation"/>
    <property name="java.vm.version" value="15.0.1+9-18"/>
    <property name="sun.io.unicode.encoding" value="UnicodeLittle"/>
    <property name="java.class.version" value="59.0"/>
  </properties>
  <testcase name="testDineroInsuficienteExceptionCuenta" classname="org.cnolem.junit5app.models.CuentaTest" time="0.026"/>
  <testcase name="testSaldoCuentaDev" classname="org.cnolem.junit5app.models.CuentaTest" time="0">
    <skipped message="Assumption failed: assumption is not true" type="org.opentest4j.TestAbortedException">org.opentest4j.TestAbortedException: Assumption failed: assumption is not true
	at org.cnolem.junit5app.models.CuentaTest.testSaldoCuentaDev(CuentaTest.java:294)
</skipped>
    <system-out><![CDATA[Iniciando el metodo
Finalizando el metodo de prueba
]]></system-out>
  </testcase>
  <testcase name="testDebitoCuentaParametrizadoMethodSource{String}[1]" classname="org.cnolem.junit5app.models.CuentaTest" time="0.013"/>
  <testcase name="testDebitoCuentaParametrizadoMethodSource{String}[2]" classname="org.cnolem.junit5app.models.CuentaTest" time="0.001"/>
  <testcase name="testDebitoCuentaParametrizadoMethodSource{String}[3]" classname="org.cnolem.junit5app.models.CuentaTest" time="0.003"/>
  <testcase name="testDebitoCuentaParametrizadoMethodSource{String}[4]" classname="org.cnolem.junit5app.models.CuentaTest" time="0.001"/>
  <testcase name="testDebitoCuentaParametrizadoMethodSource{String}[5]" classname="org.cnolem.junit5app.models.CuentaTest" time="0.002"/>
  <testcase name="testDebitoCuentaParametrizadoMethodSource{String}[6]" classname="org.cnolem.junit5app.models.CuentaTest" time="0.001">
    <failure message="expected: &lt;true&gt; but was: &lt;false&gt;" type="org.opentest4j.AssertionFailedError"><![CDATA[org.opentest4j.AssertionFailedError: expected: <true> but was: <false>
	at org.cnolem.junit5app.models.CuentaTest.testDebitoCuentaParametrizadoMethodSource(CuentaTest.java:386)
]]></failure>
    <system-out><![CDATA[Iniciando el metodo
Finalizando el metodo de prueba
]]></system-out>
  </testcase>
  <testcase name="testSaldoCuentaDev2" classname="org.cnolem.junit5app.models.CuentaTest" time="0.001"/>
  <testcase name="testRelacionBancoCuentas" classname="org.cnolem.junit5app.models.CuentaTest" time="0">
    <skipped message="void org.cnolem.junit5app.models.CuentaTest.testRelacionBancoCuentas() is @Disabled"/>
  </testcase>
  <testcase name="testDebitoCuentaRepetir{RepetitionInfo}[1]" classname="org.cnolem.junit5app.models.CuentaTest" time="0.004"/>
  <testcase name="testDebitoCuentaRepetir{RepetitionInfo}[2]" classname="org.cnolem.junit5app.models.CuentaTest" time="0.001"/>
  <testcase name="testDebitoCuentaRepetir{RepetitionInfo}[3]" classname="org.cnolem.junit5app.models.CuentaTest" time="0.003"/>
  <testcase name="testDebitoCuentaRepetir{RepetitionInfo}[4]" classname="org.cnolem.junit5app.models.CuentaTest" time="0.002"/>
  <testcase name="testDebitoCuentaRepetir{RepetitionInfo}[5]" classname="org.cnolem.junit5app.models.CuentaTest" time="0.001"/>
  <testcase name="testTimeout" classname="org.cnolem.junit5app.models.CuentaTest$EjemploTimeoutTest" time="1.006"/>
  <testcase name="testTimeout2" classname="org.cnolem.junit5app.models.CuentaTest$EjemploTimeoutTest" time="0.915"/>
  <testcase name="testTimeoutAssertions" classname="org.cnolem.junit5app.models.CuentaTest$EjemploTimeoutTest" time="4.014"/>
  <testcase name="testDebitoCuentaParametrizadoCsvFileSource2{String, String, String, String}[1]" classname="org.cnolem.junit5app.models.CuentaTest$PruebasParametrizadasTest" time="0.003">
    <failure message="expected: &lt;Jhon&gt; but was: &lt;Andres&gt;" type="org.opentest4j.AssertionFailedError"><![CDATA[org.opentest4j.AssertionFailedError: expected: <Jhon> but was: <Andres>
	at org.cnolem.junit5app.models.CuentaTest$PruebasParametrizadasTest.testDebitoCuentaParametrizadoCsvFileSource2(CuentaTest.java:375)
]]></failure>
    <system-out><![CDATA[Iniciando el metodo
Finalizando el metodo de prueba
]]></system-out>
  </testcase>
  <testcase name="testDebitoCuentaParametrizadoCsvFileSource2{String, String, String, String}[2]" classname="org.cnolem.junit5app.models.CuentaTest$PruebasParametrizadasTest" time="0.004"/>
  <testcase name="testDebitoCuentaParametrizadoCsvFileSource2{String, String, String, String}[3]" classname="org.cnolem.junit5app.models.CuentaTest$PruebasParametrizadasTest" time="0.002">
    <failure message="expected: &lt;Maria&gt; but was: &lt;maria&gt;" type="org.opentest4j.AssertionFailedError"><![CDATA[org.opentest4j.AssertionFailedError: expected: <Maria> but was: <maria>
	at org.cnolem.junit5app.models.CuentaTest$PruebasParametrizadasTest.testDebitoCuentaParametrizadoCsvFileSource2(CuentaTest.java:375)
]]></failure>
    <system-out><![CDATA[Iniciando el metodo
Finalizando el metodo de prueba
]]></system-out>
  </testcase>
  <testcase name="testDebitoCuentaParametrizadoCsvFileSource2{String, String, String, String}[4]" classname="org.cnolem.junit5app.models.CuentaTest$PruebasParametrizadasTest" time="0.002"/>
  <testcase name="testDebitoCuentaParametrizadoCsvFileSource2{String, String, String, String}[5]" classname="org.cnolem.junit5app.models.CuentaTest$PruebasParametrizadasTest" time="0.002">
    <failure message="expected: &lt;Lucas&gt; but was: &lt;Luca&gt;" type="org.opentest4j.AssertionFailedError"><![CDATA[org.opentest4j.AssertionFailedError: expected: <Lucas> but was: <Luca>
	at org.cnolem.junit5app.models.CuentaTest$PruebasParametrizadasTest.testDebitoCuentaParametrizadoCsvFileSource2(CuentaTest.java:375)
]]></failure>
    <system-out><![CDATA[Iniciando el metodo
Finalizando el metodo de prueba
]]></system-out>
  </testcase>
  <testcase name="testDebitoCuentaParametrizadoCsvFileSource2{String, String, String, String}[6]" classname="org.cnolem.junit5app.models.CuentaTest$PruebasParametrizadasTest" time="0.001">
    <failure message="expected: &lt;true&gt; but was: &lt;false&gt;" type="org.opentest4j.AssertionFailedError"><![CDATA[org.opentest4j.AssertionFailedError: expected: <true> but was: <false>
	at org.cnolem.junit5app.models.CuentaTest$PruebasParametrizadasTest.testDebitoCuentaParametrizadoCsvFileSource2(CuentaTest.java:376)
]]></failure>
    <system-out><![CDATA[Iniciando el metodo
Finalizando el metodo de prueba
]]></system-out>
  </testcase>
  <testcase name="testDebitoCuentaParametrizadoCsvSource{String, String}[1]" classname="org.cnolem.junit5app.models.CuentaTest$PruebasParametrizadasTest" time="0.006"/>
  <testcase name="testDebitoCuentaParametrizadoCsvSource{String, String}[2]" classname="org.cnolem.junit5app.models.CuentaTest$PruebasParametrizadasTest" time="0.002"/>
  <testcase name="testDebitoCuentaParametrizadoCsvSource{String, String}[3]" classname="org.cnolem.junit5app.models.CuentaTest$PruebasParametrizadasTest" time="0.001"/>
  <testcase name="testDebitoCuentaParametrizadoCsvSource{String, String}[4]" classname="org.cnolem.junit5app.models.CuentaTest$PruebasParametrizadasTest" time="0.003"/>
  <testcase name="testDebitoCuentaParametrizadoCsvSource{String, String}[5]" classname="org.cnolem.junit5app.models.CuentaTest$PruebasParametrizadasTest" time="0.003"/>
  <testcase name="testDebitoCuentaParametrizadoCsvSource{String, String}[6]" classname="org.cnolem.junit5app.models.CuentaTest$PruebasParametrizadasTest" time="0.003">
    <failure message="expected: &lt;true&gt; but was: &lt;false&gt;" type="org.opentest4j.AssertionFailedError"><![CDATA[org.opentest4j.AssertionFailedError: expected: <true> but was: <false>
	at org.cnolem.junit5app.models.CuentaTest$PruebasParametrizadasTest.testDebitoCuentaParametrizadoCsvSource(CuentaTest.java:343)
]]></failure>
    <system-out><![CDATA[Iniciando el metodo
6 -> 1000.12345
Finalizando el metodo de prueba
]]></system-out>
  </testcase>
  <testcase name="testDebitoCuentaParametrizadoValueSource{String}[1]" classname="org.cnolem.junit5app.models.CuentaTest$PruebasParametrizadasTest" time="0.002"/>
  <testcase name="testDebitoCuentaParametrizadoValueSource{String}[2]" classname="org.cnolem.junit5app.models.CuentaTest$PruebasParametrizadasTest" time="0.001"/>
  <testcase name="testDebitoCuentaParametrizadoValueSource{String}[3]" classname="org.cnolem.junit5app.models.CuentaTest$PruebasParametrizadasTest" time="0.001"/>
  <testcase name="testDebitoCuentaParametrizadoValueSource{String}[4]" classname="org.cnolem.junit5app.models.CuentaTest$PruebasParametrizadasTest" time="0.001"/>
  <testcase name="testDebitoCuentaParametrizadoValueSource{String}[5]" classname="org.cnolem.junit5app.models.CuentaTest$PruebasParametrizadasTest" time="0.002"/>
  <testcase name="testDebitoCuentaParametrizadoValueSource{String}[6]" classname="org.cnolem.junit5app.models.CuentaTest$PruebasParametrizadasTest" time="0.002">
    <failure message="expected: &lt;true&gt; but was: &lt;false&gt;" type="org.opentest4j.AssertionFailedError"><![CDATA[org.opentest4j.AssertionFailedError: expected: <true> but was: <false>
	at org.cnolem.junit5app.models.CuentaTest$PruebasParametrizadasTest.testDebitoCuentaParametrizadoValueSource(CuentaTest.java:334)
]]></failure>
    <system-out><![CDATA[Iniciando el metodo
Finalizando el metodo de prueba
]]></system-out>
  </testcase>
  <testcase name="testDebitoCuentaParametrizadoCsvSource2{String, String, String, String}[1]" classname="org.cnolem.junit5app.models.CuentaTest$PruebasParametrizadasTest" time="0.004">
    <failure message="expected: &lt;Jhon&gt; but was: &lt;Andres&gt;" type="org.opentest4j.AssertionFailedError"><![CDATA[org.opentest4j.AssertionFailedError: expected: <Jhon> but was: <Andres>
	at org.cnolem.junit5app.models.CuentaTest$PruebasParametrizadasTest.testDebitoCuentaParametrizadoCsvSource2(CuentaTest.java:355)
]]></failure>
    <system-out><![CDATA[Iniciando el metodo
200 -> 100
Finalizando el metodo de prueba
]]></system-out>
  </testcase>
  <testcase name="testDebitoCuentaParametrizadoCsvSource2{String, String, String, String}[2]" classname="org.cnolem.junit5app.models.CuentaTest$PruebasParametrizadasTest" time="0.002"/>
  <testcase name="testDebitoCuentaParametrizadoCsvSource2{String, String, String, String}[3]" classname="org.cnolem.junit5app.models.CuentaTest$PruebasParametrizadasTest" time="0.002">
    <failure message="expected: &lt;Maria&gt; but was: &lt;maria&gt;" type="org.opentest4j.AssertionFailedError"><![CDATA[org.opentest4j.AssertionFailedError: expected: <Maria> but was: <maria>
	at org.cnolem.junit5app.models.CuentaTest$PruebasParametrizadasTest.testDebitoCuentaParametrizadoCsvSource2(CuentaTest.java:355)
]]></failure>
    <system-out><![CDATA[Iniciando el metodo
300 -> 300
Finalizando el metodo de prueba
]]></system-out>
  </testcase>
  <testcase name="testDebitoCuentaParametrizadoCsvSource2{String, String, String, String}[4]" classname="org.cnolem.junit5app.models.CuentaTest$PruebasParametrizadasTest" time="0.002"/>
  <testcase name="testDebitoCuentaParametrizadoCsvSource2{String, String, String, String}[5]" classname="org.cnolem.junit5app.models.CuentaTest$PruebasParametrizadasTest" time="0.001">
    <failure message="expected: &lt;Lucas&gt; but was: &lt;Luca&gt;" type="org.opentest4j.AssertionFailedError"><![CDATA[org.opentest4j.AssertionFailedError: expected: <Lucas> but was: <Luca>
	at org.cnolem.junit5app.models.CuentaTest$PruebasParametrizadasTest.testDebitoCuentaParametrizadoCsvSource2(CuentaTest.java:355)
]]></failure>
    <system-out><![CDATA[Iniciando el metodo
750 -> 700
Finalizando el metodo de prueba
]]></system-out>
  </testcase>
  <testcase name="testDebitoCuentaParametrizadoCsvSource2{String, String, String, String}[6]" classname="org.cnolem.junit5app.models.CuentaTest$PruebasParametrizadasTest" time="0.003">
    <failure message="expected: &lt;true&gt; but was: &lt;false&gt;" type="org.opentest4j.AssertionFailedError"><![CDATA[org.opentest4j.AssertionFailedError: expected: <true> but was: <false>
	at org.cnolem.junit5app.models.CuentaTest$PruebasParametrizadasTest.testDebitoCuentaParametrizadoCsvSource2(CuentaTest.java:356)
]]></failure>
    <system-out><![CDATA[Iniciando el metodo
1000.12345 -> 1000.12345
Finalizando el metodo de prueba
]]></system-out>
  </testcase>
  <testcase name="testDebitoCuentaParametrizadoCsvFileSource{String}[1]" classname="org.cnolem.junit5app.models.CuentaTest$PruebasParametrizadasTest" time="0.001"/>
  <testcase name="testDebitoCuentaParametrizadoCsvFileSource{String}[2]" classname="org.cnolem.junit5app.models.CuentaTest$PruebasParametrizadasTest" time="0.002"/>
  <testcase name="testDebitoCuentaParametrizadoCsvFileSource{String}[3]" classname="org.cnolem.junit5app.models.CuentaTest$PruebasParametrizadasTest" time="0.002"/>
  <testcase name="testDebitoCuentaParametrizadoCsvFileSource{String}[4]" classname="org.cnolem.junit5app.models.CuentaTest$PruebasParametrizadasTest" time="0.003"/>
  <testcase name="testDebitoCuentaParametrizadoCsvFileSource{String}[5]" classname="org.cnolem.junit5app.models.CuentaTest$PruebasParametrizadasTest" time="0.002"/>
  <testcase name="testDebitoCuentaParametrizadoCsvFileSource{String}[6]" classname="org.cnolem.junit5app.models.CuentaTest$PruebasParametrizadasTest" time="0.001"/>
  <testcase name="testDebitoCuentaParametrizadoCsvFileSource{String}[7]" classname="org.cnolem.junit5app.models.CuentaTest$PruebasParametrizadasTest" time="0.001">
    <failure message="expected: &lt;true&gt; but was: &lt;false&gt;" type="org.opentest4j.AssertionFailedError"><![CDATA[org.opentest4j.AssertionFailedError: expected: <true> but was: <false>
	at org.cnolem.junit5app.models.CuentaTest$PruebasParametrizadasTest.testDebitoCuentaParametrizadoCsvFileSource(CuentaTest.java:364)
]]></failure>
    <system-out><![CDATA[Iniciando el metodo
Finalizando el metodo de prueba
]]></system-out>
  </testcase>
  <testcase name="testProcesadores" classname="org.cnolem.junit5app.models.CuentaTest$VariableAmbienteTest" time="0.002"/>
  <testcase name="testEnvVariable" classname="org.cnolem.junit5app.models.CuentaTest$VariableAmbienteTest" time="0">
    <skipped message="Environment variable [ENVIRONMENT] does not exist"/>
  </testcase>
  <testcase name="testEnvProdDisabled" classname="org.cnolem.junit5app.models.CuentaTest$VariableAmbienteTest" time="0.001"/>
  <testcase name="testJavaHome" classname="org.cnolem.junit5app.models.CuentaTest$VariableAmbienteTest" time="0.001"/>
  <testcase name="imprimirVariablesAmbiente" classname="org.cnolem.junit5app.models.CuentaTest$VariableAmbienteTest" time="0.109"/>
  <testcase name="testDev" classname="org.cnolem.junit5app.models.CuentaTest$SistemPropertiesTest" time="0">
    <skipped message="System property [ENV] does not exist"/>
  </testcase>
  <testcase name="testNo64" classname="org.cnolem.junit5app.models.CuentaTest$SistemPropertiesTest" time="0">
    <skipped message="System property [os.arch] with value [amd64] does not match regular expression [.32*.*]"/>
  </testcase>
  <testcase name="testUsername" classname="org.cnolem.junit5app.models.CuentaTest$SistemPropertiesTest" time="0.002"/>
  <testcase name="testJavaVersion" classname="org.cnolem.junit5app.models.CuentaTest$SistemPropertiesTest" time="0">
    <skipped message="System property [java.version] with value [15.0.1] does not match regular expression [14.0.1]"/>
  </testcase>
  <testcase name="imprimirSystemProperties" classname="org.cnolem.junit5app.models.CuentaTest$SistemPropertiesTest" time="0.107"/>
  <testcase name="testSolo64" classname="org.cnolem.junit5app.models.CuentaTest$SistemPropertiesTest" time="0.001"/>
  <testcase name="soloJdk15" classname="org.cnolem.junit5app.models.CuentaTest$JavaVersionTest" time="0.001"/>
  <testcase name="soloJdk8" classname="org.cnolem.junit5app.models.CuentaTest$JavaVersionTest" time="0">
    <skipped message="Disabled on JRE version: 15.0.1"/>
  </testcase>
  <testcase name="noJdk15" classname="org.cnolem.junit5app.models.CuentaTest$JavaVersionTest" time="0">
    <skipped message="Disabled on JRE version: 15.0.1"/>
  </testcase>
  <testcase name="testNoWindows" classname="org.cnolem.junit5app.models.CuentaTest$SistemaOperativoTest" time="0">
    <skipped message="Disabled on operating system: Windows 10"/>
  </testcase>
  <testcase name="testSoloLinuxMac" classname="org.cnolem.junit5app.models.CuentaTest$SistemaOperativoTest" time="0">
    <skipped message="Disabled on operating system: Windows 10"/>
  </testcase>
  <testcase name="testSoloWindows" classname="org.cnolem.junit5app.models.CuentaTest$SistemaOperativoTest" time="0"/>
  <testcase name="testCreditoCuenta" classname="org.cnolem.junit5app.models.CuentaTest$CuentaOperacionesTest" time="0.001"/>
  <testcase name="testDebitoCuenta" classname="org.cnolem.junit5app.models.CuentaTest$CuentaOperacionesTest" time="0.001"/>
  <testcase name="testTransferirDineroCuentas" classname="org.cnolem.junit5app.models.CuentaTest$CuentaOperacionesTest" time="0.001"/>
  <testcase name="testSaldoCuenta" classname="org.cnolem.junit5app.models.CuentaTest$CuentaNombreSaldoTest" time="0.001"/>
  <testcase name="testReferenciaCuenta" classname="org.cnolem.junit5app.models.CuentaTest$CuentaNombreSaldoTest" time="0.001"/>
  <testcase name="testNombreCuenta" classname="org.cnolem.junit5app.models.CuentaTest$CuentaNombreSaldoTest" time="0.001"/>
</testsuite>